<?xml version="1.0" encoding="UTF-8"?>
<!-- Generated by org.testng.reporters.JUnitXMLReporter -->
<testsuite hostname="ATMECSINLT-002" ignored="0" name="heatClinicTest" tests="2" failures="0" timestamp="2019-11-12T20:53:36 IST" time="26.987" errors="0">
  <testcase name="setURL" time="1.848" classname="com.tutoralninja.testscenario.HeatClinicWebsiteScenario"/>
  <testcase name="menuValidation" time="20.969" classname="com.tutoralninja.testscenario.HeatClinicWebsiteScenario"/>
</testsuite> <!-- heatClinicTest -->
