<?xml version="1.0" encoding="UTF-8"?>
<!-- Generated by org.testng.reporters.JUnitXMLReporter -->
<testsuite hostname="ATMECSINLT-002" ignored="0" name="heatClinicTest" tests="2" failures="0" timestamp="2019-11-12T15:45:04 IST" time="23.573" errors="0">
  <testcase name="setURL" time="1.066" classname="com.tutoralninja.testscenario.HeatClinicWebsiteScenario"/>
  <testcase name="menuValidation" time="18.778" classname="com.tutoralninja.testscenario.HeatClinicWebsiteScenario"/>
</testsuite> <!-- heatClinicTest -->
