<?xml version="1.0" encoding="UTF-8"?>
<!-- Generated by org.testng.reporters.JUnitXMLReporter -->
<testsuite hostname="ATMECSINLT-002" ignored="0" name="NinjaTest" tests="4" failures="0" timestamp="2019-11-12T15:45:24 IST" time="20.177" errors="0">
  <testcase name="setURL" time="1.586" classname="com.tutoralninja.testscenario.TutorialNinjaProductValidationScenaio"/>
  <testcase name="scenario" time="6.216" classname="com.tutoralninja.testscenario.TutorialNinjaProductValidationScenaio"/>
  <testcase name="scenario" time="5.354" classname="com.tutoralninja.testscenario.TutorialNinjaProductValidationScenaio"/>
  <testcase name="validateItemsInCart" time="5.351" classname="com.tutoralninja.testscenario.TutorialNinjaProductValidationScenaio"/>
</testsuite> <!-- NinjaTest -->
