<?xml version="1.0" encoding="UTF-8"?>
<!-- Generated by org.testng.reporters.JUnitXMLReporter -->
<testsuite hostname="ATMECSINLT-002" ignored="0" name="Test2" tests="4" failures="0" timestamp="2019-11-12T15:43:23 IST" time="0.136" errors="0">
  <testcase name="@BeforeTest setBrowser" time="0.001" classname="com.tutoralninja.testscenario.TutorialNinjaProductValidationScenaio">
    <failure type="java.lang.NullPointerException">
      <![CDATA[java.lang.NullPointerException
at com.tutoralninja.utility.BaseClass.openBrowser(BaseClass.java:75)
at com.tutoralninja.testscenario.TutorialNinjaProductValidationScenaio.setBrowser(TutorialNinjaProductValidationScenaio.java:25)
... Removed 24 stack frames]]>
    </failure>
  </testcase> <!-- @BeforeTest setBrowser -->
  <testcase name="setURL" time="0.0" classname="com.tutoralninja.testscenario.TutorialNinjaProductValidationScenaio">
    <skipped/>
  </testcase> <!-- setURL -->
  <testcase name="scenario" time="0.0" classname="com.tutoralninja.testscenario.TutorialNinjaProductValidationScenaio">
    <skipped/>
  </testcase> <!-- scenario -->
  <testcase name="scenario" time="0.0" classname="com.tutoralninja.testscenario.TutorialNinjaProductValidationScenaio">
    <skipped/>
  </testcase> <!-- scenario -->
  <testcase name="validateItemsInCart" time="0.0" classname="com.tutoralninja.testscenario.TutorialNinjaProductValidationScenaio">
    <skipped/>
  </testcase> <!-- validateItemsInCart -->
</testsuite> <!-- Test2 -->
