<?xml version="1.0" encoding="UTF-8"?>
<!-- Generated by org.testng.reporters.JUnitXMLReporter -->
<testsuite hostname="ATMECSINLT-002" ignored="0" name="NinjaTest" tests="4" failures="0" timestamp="2019-11-13T18:41:55 IST" time="28.596" errors="0">
  <testcase name="setURL" time="3.244" classname="com.tutoralninja.testscenario.TutorialNinjaProductValidationScenaio"/>
  <testcase name="scenario" time="8.106" classname="com.tutoralninja.testscenario.TutorialNinjaProductValidationScenaio"/>
  <testcase name="scenario" time="4.392" classname="com.tutoralninja.testscenario.TutorialNinjaProductValidationScenaio"/>
  <testcase name="validateItemsInCart" time="3.037" classname="com.tutoralninja.testscenario.TutorialNinjaProductValidationScenaio"/>
</testsuite> <!-- NinjaTest -->
