<?xml version="1.0" encoding="UTF-8"?>
<!-- Generated by org.testng.reporters.JUnitXMLReporter -->
<testsuite hostname="ATMECSINLT-002" ignored="0" name="Test2" tests="4" failures="0" timestamp="2019-11-11T10:34:24 IST" time="27.344" errors="0">
  <testcase name="setURL" time="3.541" classname="com.tutoralninja.testscenario.TutorialNinjaProductValidationScenaio"/>
  <testcase name="scenario" time="5.366" classname="com.tutoralninja.testscenario.TutorialNinjaProductValidationScenaio"/>
  <testcase name="scenario" time="3.944" classname="com.tutoralninja.testscenario.TutorialNinjaProductValidationScenaio"/>
  <testcase name="validateItemsInCart" time="4.213" classname="com.tutoralninja.testscenario.TutorialNinjaProductValidationScenaio"/>
</testsuite> <!-- Test2 -->
