<?xml version="1.0" encoding="UTF-8"?>
<!-- Generated by org.testng.reporters.JUnitXMLReporter -->
<testsuite hostname="ATMECSINLT-002" ignored="0" name="Test1" tests="2" failures="0" timestamp="2019-11-11T10:33:56 IST" time="33.452" errors="0">
  <testcase name="setURL" time="6.241" classname="com.tutoralninja.testscenario.HeatClinicWebsiteScenario"/>
  <testcase name="menuValidation" time="13.272" classname="com.tutoralninja.testscenario.HeatClinicWebsiteScenario"/>
</testsuite> <!-- Test1 -->
