<?xml version="1.0" encoding="UTF-8"?>
<!-- Generated by org.testng.reporters.JUnitXMLReporter -->
<testsuite hostname="ATMECSINLT-002" ignored="0" name="NinjaTest" tests="4" failures="0" timestamp="2019-11-12T16:32:34 IST" time="22.171" errors="0">
  <testcase name="setURL" time="1.215" classname="com.tutoralninja.testscenario.TutorialNinjaProductValidationScenaio"/>
  <testcase name="scenario" time="5.854" classname="com.tutoralninja.testscenario.TutorialNinjaProductValidationScenaio"/>
  <testcase name="scenario" time="5.346" classname="com.tutoralninja.testscenario.TutorialNinjaProductValidationScenaio"/>
  <testcase name="validateItemsInCart" time="5.947" classname="com.tutoralninja.testscenario.TutorialNinjaProductValidationScenaio"/>
</testsuite> <!-- NinjaTest -->
