<?xml version="1.0" encoding="UTF-8"?>
<!-- Generated by org.testng.reporters.JUnitXMLReporter -->
<testsuite hostname="ATMECSINLT-002" ignored="0" name="heatClinicTest" tests="2" failures="0" timestamp="2019-11-13T12:40:35 IST" time="36.464" errors="0">
  <testcase name="setURL" time="7.833" classname="com.tutoralninja.testscenario.HeatClinicWebsiteScenario"/>
  <testcase name="menuValidation" time="24.954" classname="com.tutoralninja.testscenario.HeatClinicWebsiteScenario"/>
</testsuite> <!-- heatClinicTest -->
